
Démarrage du script "./ImpPapy3.py" (23/02/2017 07:11:02).

Fichier de log : "./ImpPapy3.log".

Mode verbeux : oui.

Fichier CSV en entrée : "ImpPapy3 20170212 (complément).csv".

Fichier Wk1 en entrée : "ImpPapy3 20170212 (complément).wk1".

Ouverture du fichier d'entrée.

Création du fichier de sortie.

Lecture du fichier d'entrée.

Ligne 1 : Référence = "10355", Titre = "Les coustumes des ville et chastellenie de BAILLEUL", Editeur = "*", Prêté le = ""...

Ligne 2 : Référence = "10528", Titre = "Le livre des familles, généalogies Nord-Pas-de-Calais (1976)", Editeur = "*", Prêté le = ""...

Ligne 3 : Référence = "10529", Titre = "L'annuaire des familles, généalogies Nord-Pas-de-Calais (1987)", Editeur = "*", Prêté le = ""...

Ligne 4 : Référence = "20086", Titre = "COMINES-WARNETON et la région - Mémoires de la société d'histoire (année 2016)", Editeur = "Société d'Histoire de Comines-Warneton", Prêté le = ""...

Ligne 5 : Référence = "20087", Titre = "Revue historique de Dunkerque et du littoral (année 2016)", Editeur = "Société dunkerquoise d'histoire et d'archéologie", Prêté le = ""...

Ligne 6 : Référence = "52915", Titre = "Répertoire des bâteliers du Nord de la France et de la Belgique (n° 10)", Editeur = "URAG (Union Régionale des Associations Généalogiques)", Prêté le = ""...

Ligne 7 : Référence = "54370", Titre = "LES MOËRES (D)  Naissances 1845 à 1852", Editeur = "*", Prêté le = ""...

Ligne 8 : Référence = "54373", Titre = "GHYVELDE (D)  BMS 1757", Editeur = "*", Prêté le = ""...

Ligne 9 : Référence = "55904", Titre = "STEENWERCK (T) - Naissances 1755 à 1775 (M à W)", Editeur = "*", Prêté le = ""...

Ligne 10 : Référence = "55956", Titre = "HARDIFORT (D)  BMS 1694 à 1736", Editeur = "*", Prêté le = ""...

Ligne 11 : Référence = "55957", Titre = "VIEUX-BERQUIN (TA)  Baptêmes 1750 à 1766", Editeur = "*", Prêté le = ""...

Ligne 12 : Référence = "55963", Titre = "VEURNE - Huwelijken stad 1796 tot 1912", Editeur = "*", Prêté le = ""...

Ligne 13 : Référence = "55964", Titre = "BAILLEUL  Cahier d'histoire (n° 13)", Editeur = "Cercle d'histoire et d'archéologie de Bailleul", Prêté le = ""...

Ligne 14 : Référence = "55965", Titre = "COUPELLE-NEUVE, COUPELLE-VIEILLE, FRUGES, SENLIS  Statistique féodale du Haut-Pays", Editeur = "GGRN (Groupement Généalogique de la Région Nord)", Prêté le = ""...

Ligne 15 : Référence = "55966", Titre = "SAINT-OMER St Sépulcre (T)  Baptêmes 1600 à 1650", Editeur = "GGRN (Groupement Généalogique de la Région Nord)", Prêté le = ""...

Ligne 16 : Référence = "55967", Titre = "Buitenpoorters van Ieper in ELVERDINGE 1631 tot 1796", Editeur = "*", Prêté le = ""...

Ligne 17 : Référence = "55968", Titre = "Buitenpoorters van Ieper in GELUWE 1631 tot 1795", Editeur = "*", Prêté le = ""...

Ligne 18 : Référence = "55969", Titre = "Buitenpoorters van Ieper in HOLLEBEKE 1631 tot 1795", Editeur = "*", Prêté le = ""...

Ligne 19 : Référence = "55970", Titre = "Buitenpoorters van Ieper in MESSEN 1631 tot 1795", Editeur = "*", Prêté le = ""...

Ligne 20 : Référence = "55971", Titre = "Buitenpoorters van Ieper in SINT-JAN 1631 tot 1795", Editeur = "*", Prêté le = ""...

Ligne 21 : Référence = "55972", Titre = "Buitenpoorters van Ieper in VLAMERTINGE 1713 tot 1796", Editeur = "*", Prêté le = ""...

Ligne 22 : Référence = "55973", Titre = "Buitenpoorters van Ieper in WULVERGEM 1631 tot 1796", Editeur = "*", Prêté le = ""...

Ligne 23 : Référence = "55974", Titre = "Famille PER-PERRE-VANDE(R)PER(RE) (1 à 5)", Editeur = "*", Prêté le = ""...

Ligne 24 : Référence = "55975", Titre = "Famille PER-PERRE-VANDE(R)PER(RE) (6 à 10)", Editeur = "*", Prêté le = ""...

Ligne 25 : Référence = "55976", Titre = "Famille PER-PERRE-VANDE(R)PER (RE) (11 à 15)", Editeur = "*", Prêté le = ""...

Ligne 26 : Référence = "55977", Titre = "Famille PER-PERRE-VANDE(R)PER(RE) (16 à 20)", Editeur = "*", Prêté le = ""...

Ligne 27 : Référence = "55978", Titre = "BOURBOURG (D)  Sépultures 1770 à 1786", Editeur = "*", Prêté le = ""...

Ligne 28 : Référence = "55979", Titre = "RUBROUCK (D)  BMS 1737 à 1754", Editeur = "*", Prêté le = ""...

Ligne 29 : Référence = "55980", Titre = "Généalogie 62 - Bulletin de l'AGP  Année 2008 (n° 97 et 100)", Editeur = "AGP (Association Généalogique du Pas-de-Calais)", Prêté le = ""...

Ligne 30 : Référence = "55981", Titre = "Origines 2004-2005 (n° 29 à 31)", Editeur = "GAG (Généalogie Association Gravelines)", Prêté le = ""...

Ligne 31 : Référence = "55982", Titre = "Origines 2008 (n° 44 et 2010, n° 50 et 51)", Editeur = "GAG (Généalogie Association Gravelines)", Prêté le = ""...

Ligne 32 : Référence = "55983", Titre = "Origines 2012 (n° 58 à 60)", Editeur = "GAG (Généalogie Association Gravelines)", Prêté le = ""...

Ligne 33 : Référence = "55984", Titre = "Origines 2012-2013 (n° 61 à 63)", Editeur = "GAG (Généalogie Association Gravelines)", Prêté le = ""...

Ligne 34 : Référence = "55985", Titre = "Origines 2013 (n° 64 et 65)", Editeur = "GAG (Généalogie Association Gravelines)", Prêté le = ""...

Ligne 35 : Référence = "55986", Titre = "Nord Généalogie  Année 2016 (n° 241 et 242)", Editeur = "GGRN (Groupement Généalogique de la Région Nord)", Prêté le = ""...

Ligne 36 : Référence = "55987", Titre = "Nord Généalogie  Année 2016 (n° 243 et 244)", Editeur = "GGRN (Groupement Généalogique de la Région Nord)", Prêté le = ""...

Ligne 37 : Référence = "55988", Titre = "Douaisis généalogie  Année 2016 (n° 13 à 16)", Editeur = "CEGD (Centre d'Etudes Généalogiques du Douaisis)", Prêté le = ""...

Ligne 38 : Référence = "55989", Titre = "Flandre-Hainaut  Année 2016 (129-130)", Editeur = "AGFH (Association Généalogique Flandre-Hainaut)", Prêté le = ""...

Ligne 39 : Référence = "55990", Titre = "Flandre-Hainaut  Année 2016 (131-132)", Editeur = "AGFH (Association Généalogique Flandre-Hainaut)", Prêté le = ""...

Ligne 40 : Référence = "55991", Titre = "Généalogie pratique dans l'ouest du Pas-de-Calais  Année 2009 (n° 155 à 162)", Editeur = "Amis du Vieux Calais", Prêté le = ""...

Ligne 41 : Référence = "55992", Titre = "Généalogie pratique dans l'ouest du Pas-de-Calais  Année 2010 (n° 163 à 166)", Editeur = "Amis du Vieux Calais", Prêté le = ""...

Ligne 42 : Référence = "55993", Titre = "Généalogie pratique dans l'ouest du Pas-de-Calais  Année 2016 (n° 187 à 190)", Editeur = "Amis du Vieux Calais", Prêté le = ""...

Ligne 43 : Référence = "55994", Titre = "Vlaam Stam Flamand  Année 2016 (n° 1 et 2)", Editeur = "VVF (Vlaamse Vereniging voor Familiekunde)", Prêté le = ""...

Ligne 44 : Référence = "55995", Titre = "Vlaam Stam Flamand  Année 2016 (n° 3 et 4)", Editeur = "VVF (Vlaamse Vereniging voor Familiekunde)", Prêté le = ""...

Ligne 45 : Référence = "55996", Titre = "Flandre Artois Généalogie  Année 2016 (n° 1 et 2)", Editeur = "CRGFA (Centre de Recherche Généalogique Flandre-Artois)", Prêté le = ""...

Ligne 46 : Référence = "55997", Titre = "Flandre Artois Généalogie  Année 2016 (n° 3 et 4)", Editeur = "CRGFA (Centre de Recherche Généalogique Flandre-Artois)", Prêté le = ""...

Ligne 47 : Référence = "55998", Titre = "Lys généalogie  Année 2016 (n° 105 et 106)", Editeur = "CGVL (Cercle Généalogique de la Vallée de la Lys)", Prêté le = ""...

Ligne 48 : Référence = "55999", Titre = "Lys généalogie  Année 2016 (n° 107 et 108)", Editeur = "CGVL (Cercle Généalogique de la Vallée de la Lys)", Prêté le = ""...

Ligne 49 : Référence = "56000", Titre = "Vlaam Stam Flamand  Année 1999 (n° 1 et 2)", Editeur = "VVF (Vlaamse Vereniging voor Familiekunde)", Prêté le = ""...

Ligne 50 : Référence = "56001", Titre = "Vlaam Stam Flamand  Année 2010 (n° 1 et 2)", Editeur = "VVF (Vlaamse Vereniging voor Familiekunde)", Prêté le = ""...

Ligne 51 : Référence = "56002", Titre = "Vlaam Stam Flamand  Année 2010 (n° 3 et 4)", Editeur = "VVF (Vlaamse Vereniging voor Familiekunde)", Prêté le = ""...

Ligne 52 : Référence = "56003", Titre = "Vlaam Stam Flamand  Année 2010 (n° 5 et 6)", Editeur = "VVF (Vlaamse Vereniging voor Familiekunde)", Prêté le = ""...

Ligne 53 : Référence = "56004", Titre = "Vlaam Stam Flamand  Année 2011 (n° 1 à 3)", Editeur = "VVF (Vlaamse Vereniging voor Familiekunde)", Prêté le = ""...

Ligne 54 : Référence = "56005", Titre = "Vlaam Stam Flamand  Année 2011 (n° 4 à 6)", Editeur = "VVF (Vlaamse Vereniging voor Familiekunde)", Prêté le = ""...

Ligne 55 : Référence = "56006", Titre = "Vlaam Stam Flamand  Année 2012 (n° 1 à 3)", Editeur = "VVF (Vlaamse Vereniging voor Familiekunde)", Prêté le = ""...

Ligne 56 : Référence = "56007", Titre = "Vlaam Stam Flamand  Année 2012 (n° 4 à 6)", Editeur = "VVF (Vlaamse Vereniging voor Familiekunde)", Prêté le = ""...

Ligne 57 : Référence = "56008", Titre = "Vlaam Stam Flamand  Année 2013 (n° 1 à 3)", Editeur = "VVF (Vlaamse Vereniging voor Familiekunde)", Prêté le = ""...

Ligne 58 : Référence = "56009", Titre = "Vlaam Stam Flamand  Année 2013 (n° 4 à 6)", Editeur = "VVF (Vlaamse Vereniging voor Familiekunde)", Prêté le = ""...

Ligne 59 : Référence = "56010", Titre = "Vlaam Stam Flamand  Année 2014 (n° 1 à 3)", Editeur = "VVF (Vlaamse Vereniging voor Familiekunde)", Prêté le = ""...

Ligne 60 : Référence = "56011", Titre = "Vlaam Stam Flamand  Année 2014 (n° 4 à 6)", Editeur = "VVF (Vlaamse Vereniging voor Familiekunde)", Prêté le = ""...

Ligne 61 : Référence = "56012", Titre = "Vlaam Stam Flamand  Année 2015 (n° 1 et 2)", Editeur = "VVF (Vlaamse Vereniging voor Familiekunde)", Prêté le = ""...

Ligne 62 : Référence = "56013", Titre = "Vlaam Stam Flamand  Année 2015 (n° 3 et 4)", Editeur = "VVF (Vlaamse Vereniging voor Familiekunde)", Prêté le = ""...

Fermeture du fichier en entrée.

Fermeture du fichier en sortie.

Fin du script "./ImpPapy3.py" (23/02/2017 07:11:02).
